<?xml version="1.0" encoding="UTF-8"?>
<!-- Generated by org.testng.reporters.JUnitReportReporter -->
<testsuite name="temp.temp_cl" tests="1" time="20.374" ignored="0" failures="0" timestamp="07 Aug 2017 10:00:05 GMT" skipped="0" hostname="XAV-101000885" errors="0">
  <testcase name="temp_method" time="20.374" classname="temp.temp_cl"/>
</testsuite> <!-- temp.temp_cl -->
